#mini batch handler: data check completed
###
####### RecNet - Recurrent Neural Network Framework ########
###
# Start Datetime: 2017-03-20 15:26:49.129104
###
# Basic Informations
output_type: both
output_location: log/
model_location: model_save/
load_model: False
model_name: GRU_ln-softmax_26-218-61_bi_d-20-03-2017_v-4
###
# Data Information
batch_size: 10
data_location: data_set/
train_data_name: timit_train_xy_mfcc12-26win25-10.klepto
valid_data_name: timit_valid_xy_mfcc12-26win25-10.klepto
test_data_name: None
train_set_len: 4150
valid_set_len: 470
test_set_len: 0
x_size: 26
y_size: 61
checked_data: {'test': False, 'train': True, 'valid': True}
mini_batch_location: mini_batch/
train_batch_quantity: 415
valid_batch_quantity: 47
###
# Network Structure
net_size: [26, 218, 61]
hidden_layer: 1
net_unit_type: ['input', 'GRU_ln', 'softmax']
net_act_type: ['-', 'relu', '-']
net_arch: ['-', 'bi', 'ff']
weight_numb: 104919
identity_func: False
###
# Optimization Parameters
batch_size: 10
random_seed: 211
epochs: 20
optimization: adadelta
learn_rate: 1
momentum_rate: 1
decay_rate: 1
use_dropout: False
dropout_level: 0
regularization: False
reg_factor: 0
noisy_input: False
loss_function: cross_entropy
CTC: False
bound_weight: 0
###
 #-- Build model --#
 #-- Compile train function --#
 #-- Compile valid function --#
 #-- Compilation complete --#
Start training
#mini batch handler: delete old valid mini batches
#mini batch handler: create new valid mini batches
------------------------------------------
0 Epoch, Training run
#mini batch handler: delete old train mini batches
#mini batch handler: create new train mini batches
counter:   0  time:  4.63sec  error: 4.2270
counter:  50  time: 54.25sec  error: 1.7559
counter: 100  time: 53.27sec  error: 1.5647
counter: 150  time: 54.67sec  error: 1.3277
counter: 200  time: 53.21sec  error: 1.3503
counter: 250  time: 53.98sec  error: 1.3826
counter: 300  time: 53.90sec  error: 1.3752
counter: 350  time: 53.59sec  error: 1.3002
counter: 400  time: 54.59sec  error: 1.2958
###########################################
## epoch validation at 0/414
## cross entropy theano  : 1.2268
## cross entropy sklearn : 0.8454
## correct classified    : 0.7418
## ce improve      : nan
###########################################
Save model: model_save/GRU_ln-softmax_26-218-61_bi_d-20-03-2017_v-4.prm
###########################################
Insample Error: 0.151872272621
Epoch training duration: 462.931612968sec
------------------------------------------
1 Epoch, Training run
#mini batch handler: delete old train mini batches
