\BOOKMARK [0][-]{chapter*.1}{Voorwoord}{}% 1
\BOOKMARK [0][-]{chapter*.2}{Abstract}{}% 2
\BOOKMARK [0][-]{section*.3}{Contents}{}% 3
\BOOKMARK [0][-]{chapter*.4}{Lijst van symbolen}{}% 4
\BOOKMARK [0][-]{section*.5}{Lijst van figuren}{}% 5
\BOOKMARK [0][-]{section*.6}{Lijst van tabellen}{}% 6
\BOOKMARK [0][-]{chapter.7}{Inleiding}{}% 7
\BOOKMARK [0][-]{chapter.9}{Het echte werk}{}% 8
\BOOKMARK [1][-]{section.10}{Dataset}{chapter.9}% 9
\BOOKMARK [1][-]{section.11}{MFCC vs spectograms}{chapter.9}% 10
\BOOKMARK [1][-]{section.12}{Geschiedenis van het proefschrift}{chapter.9}% 11
\BOOKMARK [1][-]{section.13}{Verwante onderwerpen}{chapter.9}% 12
\BOOKMARK [1][-]{section.14}{Titel om hier iets te hebben}{chapter.9}% 13
\BOOKMARK [1][-]{section.15}{Geschiedenis van het proefschrift}{chapter.9}% 14
\BOOKMARK [1][-]{section.16}{Verwante onderwerpen}{chapter.9}% 15
\BOOKMARK [0][-]{chapter.17}{Het echte werk}{}% 16
\BOOKMARK [1][-]{section.18}{Titel om hier iets te hebben}{chapter.17}% 17
\BOOKMARK [1][-]{section.19}{Geschiedenis van het proefschrift}{chapter.17}% 18
\BOOKMARK [1][-]{section.20}{Verwante onderwerpen}{chapter.17}% 19
\BOOKMARK [1][-]{section.21}{Titel om hier iets te hebben}{chapter.17}% 20
\BOOKMARK [1][-]{section.22}{Geschiedenis van het proefschrift}{chapter.17}% 21
\BOOKMARK [1][-]{section.23}{Verwante onderwerpen}{chapter.17}% 22
\BOOKMARK [0][-]{section*.25}{Bibliography}{}% 23
